app/build/intermediates/manifest_merge_blame_file/debug/manifest-merger-blame-debug-report.txt
1<?xml version="1.0" encoding="utf-8"?>
2<manifest xmlns:android="http://schemas.android.com/apk/res/android"
3    package="com.example.RecipeHero"
4    android:versionCode="1"
5    android:versionName="1.0" >
6
7    <uses-sdk
8        android:minSdkVersion="16"
8-->src\main\AndroidManifest.xml
9        android:targetSdkVersion="30" />
9-->src\main\AndroidManifest.xml
10
11    <uses-permission android:name="android.permission.INTERNET" />
11-->src\main\AndroidManifest.xml:4:5-66
11-->src\main\AndroidManifest.xml:4:22-64
12    <uses-permission android:name="android.permission.VIBRATE" />
12-->src\main\AndroidManifest.xml:5:5-66
12-->src\main\AndroidManifest.xml:5:22-63
13    <uses-permission android:name="android.permission.WRITE_INTERNAL_STORAGE" />
13-->src\main\AndroidManifest.xml:6:5-81
13-->src\main\AndroidManifest.xml:6:22-78
14    <uses-permission android:name="android.permission.READ_INTERNAL_STORAGE" />
14-->src\main\AndroidManifest.xml:7:5-80
14-->src\main\AndroidManifest.xml:7:22-77
15    <uses-permission android:name="android.permission.READ_EXTERNAL_STORAGE" />
15-->src\main\AndroidManifest.xml:8:5-80
15-->src\main\AndroidManifest.xml:8:22-77
16    <uses-permission android:name="android.permission.WRITE_EXTERNAL_STORAGE" />
16-->src\main\AndroidManifest.xml:9:5-81
16-->src\main\AndroidManifest.xml:9:22-78
17    <uses-permission android:name="android.permission.WAKE_LOCK" />
17-->src\main\AndroidManifest.xml:10:5-68
17-->src\main\AndroidManifest.xml:10:22-65
18
19    <uses-feature
19-->src\main\AndroidManifest.xml:11:5-12:36
20        android:name="android.hardware.camera"
20-->src\main\AndroidManifest.xml:11:19-57
21        android:required="false" />
21-->src\main\AndroidManifest.xml:12:9-33
22
23    <application
23-->src\main\AndroidManifest.xml:14:5-73:19
24        android:allowBackup="true"
24-->src\main\AndroidManifest.xml:15:9-35
25        android:appComponentFactory="androidx.core.app.CoreComponentFactory"
25-->[androidx.core:core:1.3.1] AndroidManifest.xml:24:18-86
26        android:debuggable="true"
27        android:icon="@mipmap/ic_launcher_round"
27-->src\main\AndroidManifest.xml:16:9-49
28        android:label="@string/app_name"
28-->src\main\AndroidManifest.xml:17:9-41
29        android:logo="@mipmap/ic_launcher_round"
29-->src\main\AndroidManifest.xml:21:9-49
30        android:roundIcon="@mipmap/ic_launcher_round"
30-->src\main\AndroidManifest.xml:18:9-54
31        android:supportsRtl="true"
31-->src\main\AndroidManifest.xml:19:9-35
32        android:testOnly="true"
33        android:theme="@style/AppTheme" >
33-->src\main\AndroidManifest.xml:20:9-40
34        <provider
34-->src\main\AndroidManifest.xml:23:9-31:20
35            android:name="androidx.core.content.FileProvider"
35-->src\main\AndroidManifest.xml:24:13-62
36            android:authorities="com.example.RecipeHero.fileprovider"
36-->src\main\AndroidManifest.xml:25:13-70
37            android:exported="false"
37-->src\main\AndroidManifest.xml:27:13-37
38            android:grantUriPermissions="true" >
38-->src\main\AndroidManifest.xml:26:13-47
39            <meta-data
39-->src\main\AndroidManifest.xml:28:13-30:53
40                android:name="android.support.FILE_PROVIDER_PATHS"
40-->src\main\AndroidManifest.xml:29:17-67
41                android:resource="@xml/filepaths" />
41-->src\main\AndroidManifest.xml:30:17-50
42        </provider>
43
44        <receiver android:name="com.example.RecipeHero.AlarmReceiver" />
44-->src\main\AndroidManifest.xml:32:9-82
44-->src\main\AndroidManifest.xml:32:19-70
45
46        <activity
46-->src\main\AndroidManifest.xml:33:9-44:20
47            android:name="com.example.RecipeHero.MainActivity"
47-->src\main\AndroidManifest.xml:33:19-69
48            android:configChanges="orientation"
48-->src\main\AndroidManifest.xml:34:13-48
49            android:launchMode="singleTop"
49-->src\main\AndroidManifest.xml:33:70-100
50            android:screenOrientation="portrait"
50-->src\main\AndroidManifest.xml:35:13-49
51            android:theme="@style/AppTheme.NoActionBar"
51-->src\main\AndroidManifest.xml:37:13-56
52            android:windowSoftInputMode="adjustPan" >
52-->src\main\AndroidManifest.xml:36:13-52
53            <intent-filter>
53-->src\main\AndroidManifest.xml:39:13-43:29
54                <action android:name="android.intent.action.MAIN" />
54-->src\main\AndroidManifest.xml:40:17-69
54-->src\main\AndroidManifest.xml:40:25-66
55
56                <category android:name="android.intent.category.LAUNCHER" />
56-->src\main\AndroidManifest.xml:42:17-77
56-->src\main\AndroidManifest.xml:42:27-74
57            </intent-filter>
58        </activity>
59        <activity
59-->src\main\AndroidManifest.xml:46:9-57:20
60            android:name="com.example.RecipeHero.DisplayRecipe"
60-->src\main\AndroidManifest.xml:46:19-70
61            android:configChanges="orientation"
61-->src\main\AndroidManifest.xml:48:13-48
62            android:launchMode="singleTop"
62-->src\main\AndroidManifest.xml:46:71-101
63            android:parentActivityName="com.example.RecipeHero.MainActivity"
63-->src\main\AndroidManifest.xml:47:13-77
64            android:screenOrientation="portrait"
64-->src\main\AndroidManifest.xml:49:13-49
65            android:windowSoftInputMode="stateAlwaysHidden" >
65-->src\main\AndroidManifest.xml:50:13-60
66
67            <!-- The meta-data tag is required if you support API level 15 and lower -->
68            <meta-data
68-->src\main\AndroidManifest.xml:54:13-56:71
69                android:name="android.support.PARENT_ACTIVITY"
69-->src\main\AndroidManifest.xml:55:17-63
70                android:value="com.example.RecipeHero.MainActivity" />
70-->src\main\AndroidManifest.xml:56:17-68
71        </activity>
72
73        <service
73-->src\main\AndroidManifest.xml:58:9-59:46
74            android:name="com.example.RecipeHero.AlarmPlayingService"
74-->src\main\AndroidManifest.xml:58:18-75
75            android:enabled="true" />
75-->src\main\AndroidManifest.xml:59:13-35
76
77        <activity
77-->src\main\AndroidManifest.xml:60:9-71:20
78            android:name="com.example.RecipeHero.EditRecipe"
78-->src\main\AndroidManifest.xml:60:19-67
79            android:configChanges="orientation"
79-->src\main\AndroidManifest.xml:62:13-48
80            android:parentActivityName="com.example.RecipeHero.DisplayRecipe"
80-->src\main\AndroidManifest.xml:61:13-78
81            android:screenOrientation="portrait"
81-->src\main\AndroidManifest.xml:63:13-49
82            android:windowSoftInputMode="adjustPan|stateHidden|stateAlwaysHidden" >
82-->src\main\AndroidManifest.xml:64:13-82
83
84            <!-- The meta-data tag is required if you support API level 15 and lower -->
85            <meta-data
85-->src\main\AndroidManifest.xml:54:13-56:71
86                android:name="android.support.PARENT_ACTIVITY"
86-->src\main\AndroidManifest.xml:55:17-63
87                android:value="com.example.RecipeHero.DisplayRecipe" />
87-->src\main\AndroidManifest.xml:56:17-68
88        </activity>
89    </application>
90
91</manifest>